<?xml version="1.0" encoding="UTF-8"?>
<!-- Generated by org.testng.reporters.JUnitReportReporter -->
<testsuite hostname="k" name="com.netease.test.TestM" tests="2" failures="0" timestamp="5 Aug 2016 08:11:05 GMT" time="0.008" errors="0">
  <testcase name="login" time="0.007" classname="com.netease.test.TestM"/>
  <testcase name="login" time="0.001" classname="com.netease.test.TestM"/>
</testsuite> <!-- com.netease.test.TestM -->
