<?xml version="1.0" encoding="UTF-8"?>
<!-- Generated by org.testng.reporters.JUnitReportReporter -->
<testsuite hostname="k" name="com.netease.test.TestCase5" tests="4" failures="2" timestamp="19 Jul 2017 08:33:44 GMT" time="50.564" errors="0">
  <testcase name="browseLocalPic" time="30.588" classname="com.netease.test.TestCase5">
    <failure type="org.openqa.selenium.TimeoutException" message="Timed out after 30 seconds waiting for presence of element located by: By.name: 本地相册
Build info: version: &#039;2.50.1&#039;, revision: &#039;d7fc91b&#039;, time: &#039;2016-01-29 19:08:26&#039;
System info: host: &#039;k&#039;, ip: &#039;192.168.200.1&#039;, os.name: &#039;Windows 8.1&#039;, os.arch: &#039;amd64&#039;, os.version: &#039;6.3&#039;, java.version: &#039;1.8.0_131&#039;
Driver info: io.appium.java_client.android.AndroidDriver
Capabilities [{app=C:\Users\kk\Desktop\eclipse\AppiumTestGrid\app\Album_netease.apk, appPackage=com.netease.cloudalbum, deviceScreenSize=720x1280, networkConnectionEnabled=true, warnings={}, appWaitPackage=com.netease.cloudalbum, appWaitActivity=com.netease.cloudalbum.Activity.AppEncryptActivity, databaseEnabled=false, deviceName=127.0.0.1:62001, platform=LINUX, deviceUDID=127.0.0.1:62001, appActivity=com.netease.cloudalbum.Activity.AppEncryptActivity, desired={app=C:\Users\kk\Desktop\eclipse\AppiumTestGrid\app\Album_netease.apk, appPackage=com.netease.cloudalbum, platformVersion=4.4, platformName=Android, udid=127.0.0.1:62001, deviceName=127.0.0.1:62001}, platformVersion=4.4.2, webStorageEnabled=false, locationContextEnabled=false, takesScreenshot=true, javascriptEnabled=true, deviceModel=C8817D, platformName=Android, udid=127.0.0.1:62001, deviceManufacturer=HUAWEI}]
Session ID: f56ba592-10c1-4217-b1a0-3c04fa74c197">
      <![CDATA[org.openqa.selenium.TimeoutException: Timed out after 30 seconds waiting for presence of element located by: By.name: 本地相册
Build info: version: '2.50.1', revision: 'd7fc91b', time: '2016-01-29 19:08:26'
System info: host: 'k', ip: '192.168.200.1', os.name: 'Windows 8.1', os.arch: 'amd64', os.version: '6.3', java.version: '1.8.0_131'
Driver info: io.appium.java_client.android.AndroidDriver
Capabilities [{app=C:\Users\kk\Desktop\eclipse\AppiumTestGrid\app\Album_netease.apk, appPackage=com.netease.cloudalbum, deviceScreenSize=720x1280, networkConnectionEnabled=true, warnings={}, appWaitPackage=com.netease.cloudalbum, appWaitActivity=com.netease.cloudalbum.Activity.AppEncryptActivity, databaseEnabled=false, deviceName=127.0.0.1:62001, platform=LINUX, deviceUDID=127.0.0.1:62001, appActivity=com.netease.cloudalbum.Activity.AppEncryptActivity, desired={app=C:\Users\kk\Desktop\eclipse\AppiumTestGrid\app\Album_netease.apk, appPackage=com.netease.cloudalbum, platformVersion=4.4, platformName=Android, udid=127.0.0.1:62001, deviceName=127.0.0.1:62001}, platformVersion=4.4.2, webStorageEnabled=false, locationContextEnabled=false, takesScreenshot=true, javascriptEnabled=true, deviceModel=C8817D, platformName=Android, udid=127.0.0.1:62001, deviceManufacturer=HUAWEI}]
Session ID: f56ba592-10c1-4217-b1a0-3c04fa74c197
	at org.openqa.selenium.support.ui.WebDriverWait.timeoutException(WebDriverWait.java:80)
	at org.openqa.selenium.support.ui.FluentWait.until(FluentWait.java:261)
	at com.netease.test.TestCase5.browseLocalPic(TestCase5.java:90)
	at sun.reflect.NativeMethodAccessorImpl.invoke0(Native Method)
	at sun.reflect.NativeMethodAccessorImpl.invoke(NativeMethodAccessorImpl.java:62)
	at sun.reflect.DelegatingMethodAccessorImpl.invoke(DelegatingMethodAccessorImpl.java:43)
	at java.lang.reflect.Method.invoke(Method.java:498)
	at org.testng.internal.MethodInvocationHelper.invokeMethod(MethodInvocationHelper.java:84)
	at org.testng.internal.Invoker.invokeMethod(Invoker.java:714)
	at org.testng.internal.Invoker.invokeTestMethod(Invoker.java:901)
	at org.testng.internal.Invoker.invokeTestMethods(Invoker.java:1231)
	at org.testng.internal.TestMethodWorker.invokeTestMethods(TestMethodWorker.java:127)
	at org.testng.internal.TestMethodWorker.run(TestMethodWorker.java:111)
	at org.testng.TestRunner.privateRun(TestRunner.java:767)
	at org.testng.TestRunner.run(TestRunner.java:617)
	at org.testng.SuiteRunner.runTest(SuiteRunner.java:335)
	at org.testng.SuiteRunner.access$000(SuiteRunner.java:37)
	at org.testng.SuiteRunner$SuiteWorker.run(SuiteRunner.java:369)
	at org.testng.internal.thread.ThreadUtil$2.call(ThreadUtil.java:64)
	at java.util.concurrent.FutureTask.run(FutureTask.java:266)
	at java.util.concurrent.ThreadPoolExecutor.runWorker(ThreadPoolExecutor.java:1142)
	at java.util.concurrent.ThreadPoolExecutor$Worker.run(ThreadPoolExecutor.java:617)
	at java.lang.Thread.run(Thread.java:748)
Caused by: org.openqa.selenium.InvalidSelectorException: Locator Strategy 'name' is not supported for this session (WARNING: The server did not provide any stacktrace information)
Command duration or timeout: 9 milliseconds
For documentation on this error, please visit: http://seleniumhq.org/exceptions/invalid_selector_exception.html
Build info: version: '2.50.1', revision: 'd7fc91b', time: '2016-01-29 19:08:26'
System info: host: 'k', ip: '192.168.200.1', os.name: 'Windows 8.1', os.arch: 'amd64', os.version: '6.3', java.version: '1.8.0_131'
Driver info: io.appium.java_client.android.AndroidDriver
Capabilities [{app=C:\Users\kk\Desktop\eclipse\AppiumTestGrid\app\Album_netease.apk, appPackage=com.netease.cloudalbum, deviceScreenSize=720x1280, networkConnectionEnabled=true, warnings={}, appWaitPackage=com.netease.cloudalbum, appWaitActivity=com.netease.cloudalbum.Activity.AppEncryptActivity, databaseEnabled=false, deviceName=127.0.0.1:62001, platform=LINUX, deviceUDID=127.0.0.1:62001, appActivity=com.netease.cloudalbum.Activity.AppEncryptActivity, desired={app=C:\Users\kk\Desktop\eclipse\AppiumTestGrid\app\Album_netease.apk, appPackage=com.netease.cloudalbum, platformVersion=4.4, platformName=Android, udid=127.0.0.1:62001, deviceName=127.0.0.1:62001}, platformVersion=4.4.2, webStorageEnabled=false, locationContextEnabled=false, takesScreenshot=true, javascriptEnabled=true, deviceModel=C8817D, platformName=Android, udid=127.0.0.1:62001, deviceManufacturer=HUAWEI}]
Session ID: f56ba592-10c1-4217-b1a0-3c04fa74c197
*** Element info: {Using=name, value=本地相册}
	at sun.reflect.GeneratedConstructorAccessor12.newInstance(Unknown Source)
	at sun.reflect.DelegatingConstructorAccessorImpl.newInstance(DelegatingConstructorAccessorImpl.java:45)
	at java.lang.reflect.Constructor.newInstance(Constructor.java:423)
	at org.openqa.selenium.remote.ErrorHandler.createThrowable(ErrorHandler.java:206)
	at org.openqa.selenium.remote.ErrorHandler.throwIfResponseFailed(ErrorHandler.java:158)
	at org.openqa.selenium.remote.RemoteWebDriver.execute(RemoteWebDriver.java:678)
	at io.appium.java_client.DefaultGenericMobileDriver.execute(DefaultGenericMobileDriver.java:42)
	at io.appium.java_client.AppiumDriver.execute(AppiumDriver.java:1)
	at io.appium.java_client.android.AndroidDriver.execute(AndroidDriver.java:1)
	at org.openqa.selenium.remote.RemoteWebDriver.findElement(RemoteWebDriver.java:363)
	at org.openqa.selenium.remote.RemoteWebDriver.findElementByName(RemoteWebDriver.java:461)
	at io.appium.java_client.DefaultGenericMobileDriver.findElementByName(DefaultGenericMobileDriver.java:102)
	at io.appium.java_client.AppiumDriver.findElementByName(AppiumDriver.java:1)
	at io.appium.java_client.android.AndroidDriver.findElementByName(AndroidDriver.java:1)
	at org.openqa.selenium.By$ByName.findElement(By.java:303)
	at org.openqa.selenium.remote.RemoteWebDriver.findElement(RemoteWebDriver.java:355)
	at io.appium.java_client.DefaultGenericMobileDriver.findElement(DefaultGenericMobileDriver.java:52)
	at io.appium.java_client.AppiumDriver.findElement(AppiumDriver.java:1)
	at io.appium.java_client.android.AndroidDriver.findElement(AndroidDriver.java:1)
	at org.openqa.selenium.support.ui.ExpectedConditions.findElement(ExpectedConditions.java:911)
	at org.openqa.selenium.support.ui.ExpectedConditions.access$0(ExpectedConditions.java:909)
	at org.openqa.selenium.support.ui.ExpectedConditions$6.apply(ExpectedConditions.java:181)
	at org.openqa.selenium.support.ui.ExpectedConditions$6.apply(ExpectedConditions.java:1)
	at org.openqa.selenium.support.ui.FluentWait.until(FluentWait.java:238)
	... 21 more
]]>
    </failure>
  </testcase> <!-- browseLocalPic -->
  <testcase name="cloudalbum" time="2.073" classname="com.netease.test.TestCase5"/>
  <testcase name="getCloudPicts" time="0.000" classname="com.netease.test.TestCase5"/>
  <testcase name="login" time="17.903" classname="com.netease.test.TestCase5"/>
</testsuite> <!-- com.netease.test.TestCase5 -->
